#-----------------------------------------------------------
# Vivado v2017.3 (64-bit)
# SW Build 2018833 on Wed Oct  4 19:58:22 MDT 2017
# IP Build 2016188 on Wed Oct  4 21:52:56 MDT 2017
# Start of session at: Thu Dec 14 11:50:10 2017
# Process ID: 9364
# Current directory: C:/Users/s_evm/workspace/project_adder.xpr/DD_2_FP_Biquad
# Command line: vivado.exe -gui_launcher_event rodinguilauncherevent8896 C:\Users\s_evm\workspace\project_adder.xpr\DD_2_FP_Biquad\DD_2_FP_Biquad.xpr
# Log file: C:/Users/s_evm/workspace/project_adder.xpr/DD_2_FP_Biquad/vivado.log
# Journal file: C:/Users/s_evm/workspace/project_adder.xpr/DD_2_FP_Biquad\vivado.jou
#-----------------------------------------------------------
start_gui
open_project C:/Users/s_evm/workspace/project_adder.xpr/DD_2_FP_Biquad/DD_2_FP_Biquad.xpr
Scanning sources...
Finished scanning sources
INFO: [IP_Flow 19-234] Refreshing IP repositories
INFO: [IP_Flow 19-1704] No user IP repositories specified
INFO: [IP_Flow 19-2313] Loaded Vivado IP repository 'C:/Xilinx/Vivado/2017.3/data/ip'.
update_compile_order -fileset sources_1
exit
INFO: [Common 17-206] Exiting Vivado at Thu Dec 14 11:53:00 2017...
