#-----------------------------------------------------------
# Vivado v2017.3 (64-bit)
# SW Build 2018833 on Wed Oct  4 19:58:22 MDT 2017
# IP Build 2016188 on Wed Oct  4 21:52:56 MDT 2017
# Start of session at: Fri Dec  1 15:26:41 2017
# Process ID: 12120
# Current directory: C:/Users/s_evm/workspace/project_adder.xpr/DD_2_FP_Biquad
# Command line: vivado.exe -gui_launcher_event rodinguilauncherevent6804 C:\Users\s_evm\workspace\project_adder.xpr\DD_2_FP_Biquad\DD_2_FP_Biquad.xpr
# Log file: C:/Users/s_evm/workspace/project_adder.xpr/DD_2_FP_Biquad/vivado.log
# Journal file: C:/Users/s_evm/workspace/project_adder.xpr/DD_2_FP_Biquad\vivado.jou
#-----------------------------------------------------------
start_gui
open_project C:/Users/s_evm/workspace/project_adder.xpr/DD_2_FP_Biquad/DD_2_FP_Biquad.xpr
CRITICAL WARNING: [Project 1-19] Could not find the file 'C:/Users/s_evm/workspace/project_adder.xpr/DD_2_FP_Biquad/DD_2_FP_Biquad.srcs/sources_1/imports/Downloads/DD2_FP_Biquad.vhd'.
CRITICAL WARNING: [Project 1-19] Could not find the file 'C:/Users/s_evm/workspace/project_adder.xpr/DD_2_FP_Biquad/DD_2_FP_Biquad.srcs/sources_1/imports/workspace/DD2_FP_Multiplier/DD2_FP_Multiplier.srcs/sources_1/new/DD2_FP_Multiplier.vhd'.
Scanning sources...
Finished scanning sources
WARNING: [filemgmt 56-3] IPUserFilesDir: Could not find the directory 'C:/Users/s_evm/workspace/project_adder.xpr/DD_2_FP_Biquad/DD_2_FP_Biquad.ip_user_files'.
INFO: [IP_Flow 19-234] Refreshing IP repositories
INFO: [IP_Flow 19-1704] No user IP repositories specified
INFO: [IP_Flow 19-2313] Loaded Vivado IP repository 'C:/Xilinx/Vivado/2017.3/data/ip'.
update_compile_order -fileset sources_1
export_ip_user_files -of_objects  [get_files C:/Users/s_evm/workspace/project_adder.xpr/DD_2_FP_Biquad/DD_2_FP_Biquad.srcs/sources_1/imports/workspace/DD2_FP_Multiplier/DD2_FP_Multiplier.srcs/sources_1/new/DD2_FP_Multiplier.vhd] -no_script -reset -force -quiet
export_ip_user_files -of_objects  [get_files C:/Users/s_evm/workspace/project_adder.xpr/DD_2_FP_Biquad/DD_2_FP_Biquad.srcs/sources_1/imports/Downloads/DD2_FP_Biquad.vhd] -no_script -reset -force -quiet
remove_files  {C:/Users/s_evm/workspace/project_adder.xpr/DD_2_FP_Biquad/DD_2_FP_Biquad.srcs/sources_1/imports/workspace/DD2_FP_Multiplier/DD2_FP_Multiplier.srcs/sources_1/new/DD2_FP_Multiplier.vhd C:/Users/s_evm/workspace/project_adder.xpr/DD_2_FP_Biquad/DD_2_FP_Biquad.srcs/sources_1/imports/Downloads/DD2_FP_Biquad.vhd}
file mkdir C:/Users/s_evm/workspace/project_adder.xpr/DD_2_FP_Biquad/DD_2_FP_Biquad.srcs/sources_1/new
close [ open C:/Users/s_evm/workspace/project_adder.xpr/DD_2_FP_Biquad/DD_2_FP_Biquad.srcs/sources_1/new/DD2_FP_Biquad.vhd w ]
add_files C:/Users/s_evm/workspace/project_adder.xpr/DD_2_FP_Biquad/DD_2_FP_Biquad.srcs/sources_1/new/DD2_FP_Biquad.vhd
update_compile_order -fileset sources_1
import_files -norecurse C:/Users/s_evm/workspace/DD2_FP_Multiplier/DD2_FP_Multiplier.srcs/sources_1/new/DD2_FP_Multiplier.vhd
update_compile_order -fileset sources_1
update_compile_order -fileset sources_1
exit
INFO: [Common 17-206] Exiting Vivado at Fri Dec  1 16:30:56 2017...
